This is pdfTeX, Version 3.141592653-2.6-1.40.22 (TeX Live 2021/W32TeX) (preloaded format=pdflatex 2021.4.10)  16 APR 2021 23:46
entering extended mode
 restricted \write18 enabled.
 %&-line parsing enabled.
**Analise-sweeve.tex
(./Analise-sweeve.tex
LaTeX2e <2020-10-01> patch level 4
L3 programming layer <2021-02-18>
(c:/Users/xumim/AppData/Roaming/TinyTeX/texmf-dist/tex/latex/base/article.cls
Document Class: article 2020/04/10 v1.4m Standard LaTeX document class
(c:/Users/xumim/AppData/Roaming/TinyTeX/texmf-dist/tex/latex/base/size12.clo
File: size12.clo 2020/04/10 v1.4m Standard LaTeX file (size option)
)
\c@part=\count179
\c@section=\count180
\c@subsection=\count181
\c@subsubsection=\count182
\c@paragraph=\count183
\c@subparagraph=\count184
\c@figure=\count185
\c@table=\count186
\abovecaptionskip=\skip47
\belowcaptionskip=\skip48
\bibindent=\dimen138
)
(c:/Users/xumim/AppData/Roaming/TinyTeX/texmf-dist/tex/latex/graphics/graphicx.
sty
Package: graphicx 2020/09/09 v1.2b Enhanced LaTeX Graphics (DPC,SPQR)

(c:/Users/xumim/AppData/Roaming/TinyTeX/texmf-dist/tex/latex/graphics/keyval.st
y
Package: keyval 2014/10/28 v1.15 key=value parser (DPC)
\KV@toks@=\toks15
)
(c:/Users/xumim/AppData/Roaming/TinyTeX/texmf-dist/tex/latex/graphics/graphics.
sty
Package: graphics 2020/08/30 v1.4c Standard LaTeX Graphics (DPC,SPQR)

(c:/Users/xumim/AppData/Roaming/TinyTeX/texmf-dist/tex/latex/graphics/trig.sty
Package: trig 2016/01/03 v1.10 sin cos tan (DPC)
)
(c:/Users/xumim/AppData/Roaming/TinyTeX/texmf-dist/tex/latex/graphics-cfg/graph
ics.cfg
File: graphics.cfg 2016/06/04 v1.11 sample graphics configuration
)
Package graphics Info: Driver file: pdftex.def on input line 105.

(c:/Users/xumim/AppData/Roaming/TinyTeX/texmf-dist/tex/latex/graphics-def/pdfte
x.def
File: pdftex.def 2020/10/05 v1.2a Graphics/color driver for pdftex
))
\Gin@req@height=\dimen139
\Gin@req@width=\dimen140
)
(c:/Users/xumim/AppData/Roaming/TinyTeX/texmf-dist/tex/latex/graphics/color.sty
Package: color 2020/02/24 v1.2b Standard LaTeX Color (DPC)

(c:/Users/xumim/AppData/Roaming/TinyTeX/texmf-dist/tex/latex/graphics-cfg/color
.cfg
File: color.cfg 2016/01/02 v1.6 sample color configuration
)
Package color Info: Driver file: pdftex.def on input line 147.
)
(c:/Users/xumim/AppData/Roaming/TinyTeX/texmf-dist/tex/latex/framed/framed.sty
Package: framed 2011/10/22 v 0.96: framed or shaded text with page breaks
\OuterFrameSep=\skip49
\fb@frw=\dimen141
\fb@frh=\dimen142
\FrameRule=\dimen143
\FrameSep=\dimen144
) (c:/Users/xumim/AppData/Roaming/TinyTeX/texmf-dist/tex/latex/base/alltt.sty
Package: alltt 1997/06/16 v2.0g defines alltt environment
)
(c:/Users/xumim/AppData/Roaming/TinyTeX/texmf-dist/tex/latex/base/inputenc.sty
Package: inputenc 2020/08/01 v1.3d Input encoding file
\inpenc@prehook=\toks16
\inpenc@posthook=\toks17
)
(c:/Users/xumim/AppData/Roaming/TinyTeX/texmf-dist/tex/latex/amsmath/amsmath.st
y
Package: amsmath 2020/09/23 v2.17i AMS math features
\@mathmargin=\skip50

For additional information on amsmath, use the `?' option.

(c:/Users/xumim/AppData/Roaming/TinyTeX/texmf-dist/tex/latex/amsmath/amstext.st
y
Package: amstext 2000/06/29 v2.01 AMS text

(c:/Users/xumim/AppData/Roaming/TinyTeX/texmf-dist/tex/latex/amsmath/amsgen.sty
File: amsgen.sty 1999/11/30 v2.0 generic functions
\@emptytoks=\toks18
\ex@=\dimen145
))
(c:/Users/xumim/AppData/Roaming/TinyTeX/texmf-dist/tex/latex/amsmath/amsbsy.sty
Package: amsbsy 1999/11/29 v1.2d Bold Symbols
\pmbraise@=\dimen146
)
(c:/Users/xumim/AppData/Roaming/TinyTeX/texmf-dist/tex/latex/amsmath/amsopn.sty
Package: amsopn 2016/03/08 v2.02 operator names
)
\inf@bad=\count187
LaTeX Info: Redefining \frac on input line 234.
\uproot@=\count188
\leftroot@=\count189
LaTeX Info: Redefining \overline on input line 399.
\classnum@=\count190
\DOTSCASE@=\count191
LaTeX Info: Redefining \ldots on input line 496.
LaTeX Info: Redefining \dots on input line 499.
LaTeX Info: Redefining \cdots on input line 620.
\Mathstrutbox@=\box47
\strutbox@=\box48
\big@size=\dimen147
LaTeX Font Info:    Redeclaring font encoding OML on input line 743.
LaTeX Font Info:    Redeclaring font encoding OMS on input line 744.
\macc@depth=\count192
\c@MaxMatrixCols=\count193
\dotsspace@=\muskip16
\c@parentequation=\count194
\dspbrk@lvl=\count195
\tag@help=\toks19
\row@=\count196
\column@=\count197
\maxfields@=\count198
\andhelp@=\toks20
\eqnshift@=\dimen148
\alignsep@=\dimen149
\tagshift@=\dimen150
\tagwidth@=\dimen151
\totwidth@=\dimen152
\lineht@=\dimen153
\@envbody=\toks21
\multlinegap=\skip51
\multlinetaggap=\skip52
\mathdisplay@stack=\toks22
LaTeX Info: Redefining \[ on input line 2923.
LaTeX Info: Redefining \] on input line 2924.
)
(c:/Users/xumim/AppData/Roaming/TinyTeX/texmf-dist/tex/latex/amsfonts/amsfonts.
sty
Package: amsfonts 2013/01/14 v3.01 Basic AMSFonts support
\symAMSa=\mathgroup4
\symAMSb=\mathgroup5
LaTeX Font Info:    Redeclaring math symbol \hbar on input line 98.
LaTeX Font Info:    Overwriting math alphabet `\mathfrak' in version `bold'
(Font)                  U/euf/m/n --> U/euf/b/n on input line 106.
)
(c:/Users/xumim/AppData/Roaming/TinyTeX/texmf-dist/tex/latex/amsfonts/amssymb.s
ty
Package: amssymb 2013/01/14 v3.01 AMS font symbols
)
(c:/Users/xumim/AppData/Roaming/TinyTeX/texmf-dist/tex/latex/base/makeidx.sty
Package: makeidx 2014/09/29 v1.0m Standard LaTeX package
)
(c:/Users/xumim/AppData/Roaming/TinyTeX/texmf-dist/tex/latex/booktabs/booktabs.
sty
Package: booktabs 2020/01/12 v1.61803398 Publication quality tables
\heavyrulewidth=\dimen154
\lightrulewidth=\dimen155
\cmidrulewidth=\dimen156
\belowrulesep=\dimen157
\belowbottomsep=\dimen158
\aboverulesep=\dimen159
\abovetopsep=\dimen160
\cmidrulesep=\dimen161
\cmidrulekern=\dimen162
\defaultaddspace=\dimen163
\@cmidla=\count199
\@cmidlb=\count266
\@aboverulesep=\dimen164
\@belowrulesep=\dimen165
\@thisruleclass=\count267
\@lastruleclass=\count268
\@thisrulewidth=\dimen166
)
(c:/Users/xumim/AppData/Roaming/TinyTeX/texmf-dist/tex/latex/xcolor/xcolor.sty
Package: xcolor 2016/05/11 v2.12 LaTeX color extensions (UK)

(c:/Users/xumim/AppData/Roaming/TinyTeX/texmf-dist/tex/latex/graphics-cfg/color
.cfg
File: color.cfg 2016/01/02 v1.6 sample color configuration
)
Package xcolor Info: Driver file: pdftex.def on input line 225.
LaTeX Info: Redefining \color on input line 709.
Package xcolor Info: Model `cmy' substituted by `cmy0' on input line 1348.
Package xcolor Info: Model `hsb' substituted by `rgb' on input line 1352.
Package xcolor Info: Model `RGB' extended on input line 1364.
Package xcolor Info: Model `HTML' substituted by `rgb' on input line 1366.
Package xcolor Info: Model `Hsb' substituted by `hsb' on input line 1367.
Package xcolor Info: Model `tHsb' substituted by `hsb' on input line 1368.
Package xcolor Info: Model `HSB' substituted by `hsb' on input line 1369.
Package xcolor Info: Model `Gray' substituted by `gray' on input line 1370.
Package xcolor Info: Model `wave' substituted by `hsb' on input line 1371.
)
(c:/Users/xumim/AppData/Roaming/TinyTeX/texmf-dist/tex/latex/tools/bm.sty
Package: bm 2019/07/24 v1.2d Bold Symbol Support (DPC/FMi)
\symboldoperators=\mathgroup6
\symboldletters=\mathgroup7
\symboldsymbols=\mathgroup8
LaTeX Font Info:    Redeclaring math alphabet \mathbf on input line 141.
LaTeX Info: Redefining \bm on input line 209.
)
(c:/Users/xumim/AppData/Roaming/TinyTeX/texmf-dist/tex/latex/float/float.sty
Package: float 2001/11/08 v1.3d Float enhancements (AL)
\c@float@type=\count269
\float@exts=\toks23
\float@box=\box49
\@float@everytoks=\toks24
\@floatcapt=\box50
)
(c:/Users/xumim/AppData/Roaming/TinyTeX/texmf-dist/tex/latex/geometry/geometry.
sty
Package: geometry 2020/01/02 v5.9 Page Geometry

(c:/Users/xumim/AppData/Roaming/TinyTeX/texmf-dist/tex/generic/iftex/ifvtex.sty
Package: ifvtex 2019/10/25 v1.7 ifvtex legacy package. Use iftex instead.
(c:/Users/xumim/AppData/Roaming/TinyTeX/texmf-dist/tex/generic/iftex/iftex.sty
Package: iftex 2020/03/06 v1.0d TeX engine tests
))
\Gm@cnth=\count270
\Gm@cntv=\count271
\c@Gm@tempcnt=\count272
\Gm@bindingoffset=\dimen167
\Gm@wd@mp=\dimen168
\Gm@odd@mp=\dimen169
\Gm@even@mp=\dimen170
\Gm@layoutwidth=\dimen171
\Gm@layoutheight=\dimen172
\Gm@layouthoffset=\dimen173
\Gm@layoutvoffset=\dimen174
\Gm@dimlist=\toks25
) (c:/Users/xumim/AppData/Roaming/TinyTeX/texmf-dist/tex/generic/ulem/ulem.sty
\UL@box=\box51
\UL@hyphenbox=\box52
\UL@skip=\skip53
\UL@hook=\toks26
\UL@height=\dimen175
\UL@pe=\count273
\UL@pixel=\dimen176
\ULC@box=\box53
Package: ulem 2019/11/18
\ULdepth=\dimen177
)
(c:/Users/xumim/AppData/Roaming/TinyTeX/texmf-dist/tex/latex/hyperref/hyperref.
sty
Package: hyperref 2021-02-27 v7.00k Hypertext links for LaTeX

(c:/Users/xumim/AppData/Roaming/TinyTeX/texmf-dist/tex/generic/ltxcmds/ltxcmds.
sty
Package: ltxcmds 2020-05-10 v1.25 LaTeX kernel commands for general use (HO)
)
(c:/Users/xumim/AppData/Roaming/TinyTeX/texmf-dist/tex/generic/pdftexcmds/pdfte
xcmds.sty
Package: pdftexcmds 2020-06-27 v0.33 Utility functions of pdfTeX for LuaTeX (HO
)

(c:/Users/xumim/AppData/Roaming/TinyTeX/texmf-dist/tex/generic/infwarerr/infwar
err.sty
Package: infwarerr 2019/12/03 v1.5 Providing info/warning/error messages (HO)
)
Package pdftexcmds Info: \pdf@primitive is available.
Package pdftexcmds Info: \pdf@ifprimitive is available.
Package pdftexcmds Info: \pdfdraftmode found.
)
(c:/Users/xumim/AppData/Roaming/TinyTeX/texmf-dist/tex/generic/kvsetkeys/kvsetk
eys.sty
Package: kvsetkeys 2019/12/15 v1.18 Key value parser (HO)
)
(c:/Users/xumim/AppData/Roaming/TinyTeX/texmf-dist/tex/generic/kvdefinekeys/kvd
efinekeys.sty
Package: kvdefinekeys 2019-12-19 v1.6 Define keys (HO)
)
(c:/Users/xumim/AppData/Roaming/TinyTeX/texmf-dist/tex/generic/pdfescape/pdfesc
ape.sty
Package: pdfescape 2019/12/09 v1.15 Implements pdfTeX's escape features (HO)
)
(c:/Users/xumim/AppData/Roaming/TinyTeX/texmf-dist/tex/latex/hycolor/hycolor.st
y
Package: hycolor 2020-01-27 v1.10 Color options for hyperref/bookmark (HO)
)
(c:/Users/xumim/AppData/Roaming/TinyTeX/texmf-dist/tex/latex/letltxmacro/letltx
macro.sty
Package: letltxmacro 2019/12/03 v1.6 Let assignment for LaTeX macros (HO)
)
(c:/Users/xumim/AppData/Roaming/TinyTeX/texmf-dist/tex/latex/auxhook/auxhook.st
y
Package: auxhook 2019-12-17 v1.6 Hooks for auxiliary files (HO)
)
(c:/Users/xumim/AppData/Roaming/TinyTeX/texmf-dist/tex/latex/kvoptions/kvoption
s.sty
Package: kvoptions 2020-10-07 v3.14 Key value format for package options (HO)
)
\@linkdim=\dimen178
\Hy@linkcounter=\count274
\Hy@pagecounter=\count275

(c:/Users/xumim/AppData/Roaming/TinyTeX/texmf-dist/tex/latex/hyperref/pd1enc.de
f
File: pd1enc.def 2021-02-27 v7.00k Hyperref: PDFDocEncoding definition (HO)
Now handling font encoding PD1 ...
... no UTF-8 mapping file for font encoding PD1
)
(c:/Users/xumim/AppData/Roaming/TinyTeX/texmf-dist/tex/latex/hyperref/hyperref-
langpatches.def
File: hyperref-langpatches.def 2021-02-27 v7.00k Hyperref: patches for babel la
nguages
)
(c:/Users/xumim/AppData/Roaming/TinyTeX/texmf-dist/tex/generic/intcalc/intcalc.
sty
Package: intcalc 2019/12/15 v1.3 Expandable calculations with integers (HO)
)
(c:/Users/xumim/AppData/Roaming/TinyTeX/texmf-dist/tex/generic/etexcmds/etexcmd
s.sty
Package: etexcmds 2019/12/15 v1.7 Avoid name clashes with e-TeX commands (HO)
)
\Hy@SavedSpaceFactor=\count276

(c:/Users/xumim/AppData/Roaming/TinyTeX/texmf-dist/tex/latex/hyperref/puenc.def
File: puenc.def 2021-02-27 v7.00k Hyperref: PDF Unicode definition (HO)
Now handling font encoding PU ...
... no UTF-8 mapping file for font encoding PU
)
Package hyperref Info: Hyper figures OFF on input line 4192.
Package hyperref Info: Link nesting OFF on input line 4197.
Package hyperref Info: Hyper index ON on input line 4200.
Package hyperref Info: Plain pages OFF on input line 4207.
Package hyperref Info: Backreferencing OFF on input line 4212.
Package hyperref Info: Implicit mode ON; LaTeX internals redefined.
Package hyperref Info: Bookmarks ON on input line 4445.
\c@Hy@tempcnt=\count277
 (c:/Users/xumim/AppData/Roaming/TinyTeX/texmf-dist/tex/latex/url/url.sty
\Urlmuskip=\muskip17
Package: url 2013/09/16  ver 3.4  Verb mode for urls, etc.
)
LaTeX Info: Redefining \url on input line 4804.
\XeTeXLinkMargin=\dimen179

(c:/Users/xumim/AppData/Roaming/TinyTeX/texmf-dist/tex/generic/bitset/bitset.st
y
Package: bitset 2019/12/09 v1.3 Handle bit-vector datatype (HO)

(c:/Users/xumim/AppData/Roaming/TinyTeX/texmf-dist/tex/generic/bigintcalc/bigin
tcalc.sty
Package: bigintcalc 2019/12/15 v1.5 Expandable calculations on big integers (HO
)
))
\Fld@menulength=\count278
\Field@Width=\dimen180
\Fld@charsize=\dimen181
Package hyperref Info: Hyper figures OFF on input line 6075.
Package hyperref Info: Link nesting OFF on input line 6080.
Package hyperref Info: Hyper index ON on input line 6083.
Package hyperref Info: backreferencing OFF on input line 6090.
Package hyperref Info: Link coloring OFF on input line 6095.
Package hyperref Info: Link coloring with OCG OFF on input line 6100.
Package hyperref Info: PDF/A mode OFF on input line 6105.
LaTeX Info: Redefining \ref on input line 6145.
LaTeX Info: Redefining \pageref on input line 6149.

(c:/Users/xumim/AppData/Roaming/TinyTeX/texmf-dist/tex/latex/base/atbegshi-ltx.
sty
Package: atbegshi-ltx 2020/08/17 v1.0a Emulation of the original atbegshi packa
ge
with kernel methods
)
\Hy@abspage=\count279
\c@Item=\count280
\c@Hfootnote=\count281
)
Package hyperref Info: Driver (autodetected): hpdftex.

(c:/Users/xumim/AppData/Roaming/TinyTeX/texmf-dist/tex/latex/hyperref/hpdftex.d
ef
File: hpdftex.def 2021-02-27 v7.00k Hyperref driver for pdfTeX

(c:/Users/xumim/AppData/Roaming/TinyTeX/texmf-dist/tex/latex/base/atveryend-ltx
.sty
Package: atveryend-ltx 2020/08/19 v1.0a Emulation of the original atvery packag
e
with kernel methods
)
\Fld@listcount=\count282
\c@bookmark@seq@number=\count283

(c:/Users/xumim/AppData/Roaming/TinyTeX/texmf-dist/tex/latex/rerunfilecheck/rer
unfilecheck.sty
Package: rerunfilecheck 2019/12/05 v1.9 Rerun checks for auxiliary files (HO)

(c:/Users/xumim/AppData/Roaming/TinyTeX/texmf-dist/tex/generic/uniquecounter/un
iquecounter.sty
Package: uniquecounter 2019/12/15 v1.4 Provide unlimited unique counter (HO)
)
Package uniquecounter Info: New unique counter `rerunfilecheck' on input line 2
86.
)
\Hy@SectionHShift=\skip54
)
Package hyperref Info: Option `colorlinks' set `true' on input line 78.

(c:/Users/xumim/AppData/Roaming/TinyTeX/texmf-dist/tex/latex/l3backend/l3backen
d-pdftex.def
File: l3backend-pdftex.def 2021-03-18 L3 backend support: PDF output (pdfTeX)
\l__color_backend_stack_int=\count284
\l__pdf_internal_box=\box54
) (./Analise-sweeve.aux

LaTeX Warning: Label `tab:unnamed-chunk-9' multiply defined.

)
\openout1 = `Analise-sweeve.aux'.

LaTeX Font Info:    Checking defaults for OML/cmm/m/it on input line 86.
LaTeX Font Info:    ... okay on input line 86.
LaTeX Font Info:    Checking defaults for OMS/cmsy/m/n on input line 86.
LaTeX Font Info:    ... okay on input line 86.
LaTeX Font Info:    Checking defaults for OT1/cmr/m/n on input line 86.
LaTeX Font Info:    ... okay on input line 86.
LaTeX Font Info:    Checking defaults for T1/cmr/m/n on input line 86.
LaTeX Font Info:    ... okay on input line 86.
LaTeX Font Info:    Checking defaults for TS1/cmr/m/n on input line 86.
LaTeX Font Info:    ... okay on input line 86.
LaTeX Font Info:    Checking defaults for OMX/cmex/m/n on input line 86.
LaTeX Font Info:    ... okay on input line 86.
LaTeX Font Info:    Checking defaults for U/cmr/m/n on input line 86.
LaTeX Font Info:    ... okay on input line 86.
LaTeX Font Info:    Checking defaults for PD1/pdf/m/n on input line 86.
LaTeX Font Info:    ... okay on input line 86.
LaTeX Font Info:    Checking defaults for PU/pdf/m/n on input line 86.
LaTeX Font Info:    ... okay on input line 86.

(c:/Users/xumim/AppData/Roaming/TinyTeX/texmf-dist/tex/latex/epstopdf-pkg/epsto
pdf-base.sty
Package: epstopdf-base 2020-01-24 v2.11 Base part for package epstopdf
Package epstopdf-base Info: Redefining graphics rule for `.eps' on input line 4
85.

(c:/Users/xumim/AppData/Roaming/TinyTeX/texmf-dist/tex/latex/latexconfig/epstop
df-sys.cfg
File: epstopdf-sys.cfg 2010/07/13 v1.3 Configuration of (r)epstopdf for TeX Liv
e
))
*geometry* driver: auto-detecting
*geometry* detected driver: pdftex
*geometry* verbose mode - [ preamble ] result:
* driver: pdftex
* paper: a4paper
* layout: <same size as paper>
* layoutoffset:(h,v)=(0.0pt,0.0pt)
* modes: 
* h-part:(L,W,R)=(108.405pt, 380.69788pt, 108.405pt)
* v-part:(T,H,B)=(108.405pt, 628.23685pt, 108.405pt)
* \paperwidth=597.50787pt
* \paperheight=845.04684pt
* \textwidth=380.69788pt
* \textheight=628.23685pt
* \oddsidemargin=36.13501pt
* \evensidemargin=36.13501pt
* \topmargin=-0.86499pt
* \headheight=12.0pt
* \headsep=25.0pt
* \topskip=12.0pt
* \footskip=30.0pt
* \marginparwidth=35.0pt
* \marginparsep=10.0pt
* \columnsep=10.0pt
* \skip\footins=10.8pt plus 4.0pt minus 2.0pt
* \hoffset=0.0pt
* \voffset=0.0pt
* \mag=1000
* \@twocolumnfalse
* \@twosidefalse
* \@mparswitchfalse
* \@reversemarginfalse
* (1in=72.27pt=25.4mm, 1cm=28.453pt)

Package hyperref Info: Link coloring ON on input line 86.

(c:/Users/xumim/AppData/Roaming/TinyTeX/texmf-dist/tex/latex/hyperref/nameref.s
ty
Package: nameref 2021-04-02 v2.47 Cross-referencing by name of section

(c:/Users/xumim/AppData/Roaming/TinyTeX/texmf-dist/tex/latex/refcount/refcount.
sty
Package: refcount 2019/12/15 v3.6 Data extraction from label references (HO)
)
(c:/Users/xumim/AppData/Roaming/TinyTeX/texmf-dist/tex/generic/gettitlestring/g
ettitlestring.sty
Package: gettitlestring 2019/12/15 v1.6 Cleanup title references (HO)
)
\c@section@level=\count285
)
LaTeX Info: Redefining \ref on input line 86.
LaTeX Info: Redefining \pageref on input line 86.
LaTeX Info: Redefining \nameref on input line 86.
 (./Analise-sweeve.out) (./Analise-sweeve.out)
\@outlinefile=\write3
\openout3 = `Analise-sweeve.out'.


Overfull \hbox (3.91891pt too wide) in paragraph at lines 118--119
[]\OT1/cmr/m/n/12 Segundo tra-balho da dis-ci-plina de MLG min-istrado
 []

[1

{c:/Users/xumim/AppData/Roaming/TinyTeX/texmf-var/fonts/map/pdftex/updmap/pdfte
x.map}] (./Analise-sweeve.toc
LaTeX Font Info:    Trying to load font information for U+msa on input line 4.

(c:/Users/xumim/AppData/Roaming/TinyTeX/texmf-dist/tex/latex/amsfonts/umsa.fd
File: umsa.fd 2013/01/14 v3.01 AMS symbols A
)
LaTeX Font Info:    Trying to load font information for U+msb on input line 4.

(c:/Users/xumim/AppData/Roaming/TinyTeX/texmf-dist/tex/latex/amsfonts/umsb.fd
File: umsb.fd 2013/01/14 v3.01 AMS symbols B
))
\tf@toc=\write4
\openout4 = `Analise-sweeve.toc'.

pdfTeX warning (ext4): destination with the same identifier (name{page.1}) has 
been already used, duplicate ignored
<to be read again> 
                   \relax 
l.155 \newpage
               [1] [2] [3]

Package xcolor Warning: Incompatible color definition on input line 259.

<figure/unnamed-chunk-3-1.pdf, id=109, 578.16pt x 794.97pt>
File: figure/unnamed-chunk-3-1.pdf Graphic file (type pdf)
<use figure/unnamed-chunk-3-1.pdf>
Package pdftex.def Info: figure/unnamed-chunk-3-1.pdf  used on input line 261.
(pdftex.def)             Requested size: 380.69788pt x 523.45667pt.
[4 <./figure/unnamed-chunk-3-1.pdf>]
Overfull \hbox (43.75813pt too wide) in paragraph at lines 291--301
 [] 
 []


Package xcolor Warning: Incompatible color definition on input line 307.

<figure/unnamed-chunk-4-1.pdf, id=122, 722.7pt x 505.89pt>
File: figure/unnamed-chunk-4-1.pdf Graphic file (type pdf)
<use figure/unnamed-chunk-4-1.pdf>
Package pdftex.def Info: figure/unnamed-chunk-4-1.pdf  used on input line 309.
(pdftex.def)             Requested size: 380.69788pt x 266.49165pt.
[5] [6 <./figure/unnamed-chunk-4-1.pdf>]
Underfull \hbox (badness 10000) in paragraph at lines 331--332

 []

[7]

Package xcolor Warning: Incompatible color definition on input line 338.

<figure/unnamed-chunk-5-1.pdf, id=145, 505.89pt x 505.89pt>
File: figure/unnamed-chunk-5-1.pdf Graphic file (type pdf)
<use figure/unnamed-chunk-5-1.pdf>
Package pdftex.def Info: figure/unnamed-chunk-5-1.pdf  used on input line 339.
(pdftex.def)             Requested size: 380.69788pt x 380.70567pt.

Overfull \hbox (17.62482pt too wide) in paragraph at lines 339--340
[][] 
 []


Underfull \hbox (badness 10000) in paragraph at lines 342--343

 []

[8 <./figure/unnamed-chunk-5-1.pdf>]

Package xcolor Warning: Incompatible color definition on input line 352.

<figure/unnamed-chunk-6-1.pdf, id=155, 686.565pt x 578.16pt>
File: figure/unnamed-chunk-6-1.pdf Graphic file (type pdf)
<use figure/unnamed-chunk-6-1.pdf>
Package pdftex.def Info: figure/unnamed-chunk-6-1.pdf  used on input line 353.
(pdftex.def)             Requested size: 380.69788pt x 320.58264pt.

Overfull \hbox (17.62482pt too wide) in paragraph at lines 353--354
[][] 
 []


Underfull \hbox (badness 10000) in paragraph at lines 356--357

 []

[9 <./figure/unnamed-chunk-6-1.pdf>]

Package xcolor Warning: Incompatible color definition on input line 387.


Overfull \hbox (14.50232pt too wide) in paragraph at lines 439--439
[]\OT1/cmtt/m/n/12 glm(formula = dengue ~ IntCdAtBca + CobCondSaud + CobAtencBs
ca +[] 
 []


Overfull \hbox (51.55234pt too wide) in paragraph at lines 439--439
[]    \OT1/cmtt/m/n/12 temp_p10 + temp + temp_p90 + precip + umid_p10 + umid + 
umid_p90 +[] 
 []


Overfull \hbox (57.72734pt too wide) in paragraph at lines 439--439
[]    \OT1/cmtt/m/n/12 alt + ifdm_saude + ifdm_edu + ifdm_emprend + cobveg + ex
pcosteira +[] 
 []


Overfull \hbox (8.32732pt too wide) in paragraph at lines 439--439
[]    \OT1/cmtt/m/n/12 ivc + Pobr + ExpAnosEstud + urb + menor15 + maior65 + po
p +[] 
 []


Overfull \hbox (2.15231pt too wide) in paragraph at lines 439--439
[]\OT1/cmtt/m/n/12 Signif. codes:  0 '***' 0.001 '**' 0.01 '*' 0.05 '.' 0.1 ' '
 1[] 
 []

[10] [11]
Overfull \hbox (3.94536pt too wide) in paragraph at lines 447--448
[]\OT1/cmr/m/n/12 Para im-pedir mul-ti-co-l-in-eari-dade ob-ser-va-mos al-tas c
or-rela^^Xc~oes en-tre pares
 []

[12]

Package xcolor Warning: Incompatible color definition on input line 501.


Overfull \hbox (2.15231pt too wide) in paragraph at lines 542--542
[]\OT1/cmtt/m/n/12 glm(formula = dengue ~ CobCondSaud + CobAtencBsca + temp_p90
 +[] 
 []


Overfull \hbox (51.55234pt too wide) in paragraph at lines 542--542
[]    \OT1/cmtt/m/n/12 precip + umid + ifdm_saude + ifdm_emprend + cobveg + exp
costeira +[] 
 []


Overfull \hbox (76.25235pt too wide) in paragraph at lines 542--542
[]    \OT1/cmtt/m/n/12 ivc + ExpAnosEstud + urb + maior65 + adultos + dens, fam
ily = poisson,[] 
 []


Overfull \hbox (2.15231pt too wide) in paragraph at lines 542--542
[]\OT1/cmtt/m/n/12 Signif. codes:  0 '***' 0.001 '**' 0.01 '*' 0.05 '.' 0.1 ' '
 1[] 
 []

[13]

Package xcolor Warning: Incompatible color definition on input line 551.

[14] [15]

Package xcolor Warning: Incompatible color definition on input line 659.

<figure/unnamed-chunk-10-1.pdf, id=199, 505.89pt x 505.89pt>
File: figure/unnamed-chunk-10-1.pdf Graphic file (type pdf)
<use figure/unnamed-chunk-10-1.pdf>
Package pdftex.def Info: figure/unnamed-chunk-10-1.pdf  used on input line 664.

(pdftex.def)             Requested size: 380.69788pt x 380.70567pt.

Overfull \hbox (17.62482pt too wide) in paragraph at lines 664--665
[][] 
 []

[16]

Package xcolor Warning: Incompatible color definition on input line 676.


Overfull \hbox (14.50232pt too wide) in paragraph at lines 773--773
[]\OT1/cmtt/m/n/12 dengue ~ CobCondSaud + CobAtencBsca + temp_p90 + precip + um
id +[] 
 []


Overfull \hbox (39.20233pt too wide) in paragraph at lines 773--773
[]    \OT1/cmtt/m/n/12 ExpAnosEstud + urb + maior65 + adultos + dens + offset(l
og(pop))[] 
 []


Overfull \hbox (8.32732pt too wide) in paragraph at lines 773--773
[]\OT1/cmtt/m/n/12 list(dengue, CobCondSaud, CobAtencBsca, temp_p90, precip, um
id,[] 
 []


Overfull \hbox (45.37733pt too wide) in paragraph at lines 773--773
[]    \OT1/cmtt/m/n/12 ifdm_saude, ifdm_emprend, cobveg, expcosteira, ivc, ExpA
nosEstud,[] 
 []


Overfull \hbox (70.07735pt too wide) in paragraph at lines 773--773
[]                 \OT1/cmtt/m/n/12 CobCondSaud CobAtencBsca temp_p90 precip um
id ifdm_saude[] 
 []


Overfull \hbox (70.07735pt too wide) in paragraph at lines 773--773
[]\OT1/cmtt/m/n/12 dengue                     0            0        0      0   
 0          0[] 
 []


Overfull \hbox (70.07735pt too wide) in paragraph at lines 773--773
[]\OT1/cmtt/m/n/12 CobCondSaud                1            0        0      0   
 0          0[] 
 []


Overfull \hbox (70.07735pt too wide) in paragraph at lines 773--773
[]\OT1/cmtt/m/n/12 CobAtencBsca               0            1        0      0   
 0          0[] 
 []


Overfull \hbox (70.07735pt too wide) in paragraph at lines 773--773
[]\OT1/cmtt/m/n/12 temp_p90                   0            0        1      0   
 0          0[] 
 []


Overfull \hbox (70.07735pt too wide) in paragraph at lines 773--773
[]\OT1/cmtt/m/n/12 precip                     0            0        0      1   
 0          0[] 
 []


Overfull \hbox (70.07735pt too wide) in paragraph at lines 773--773
[]\OT1/cmtt/m/n/12 umid                       0            0        0      0   
 1          0[] 
 []


Overfull \hbox (70.07735pt too wide) in paragraph at lines 773--773
[]\OT1/cmtt/m/n/12 ifdm_saude                 0            0        0      0   
 0          1[] 
 []


Overfull \hbox (70.07735pt too wide) in paragraph at lines 773--773
[]\OT1/cmtt/m/n/12 ifdm_emprend               0            0        0      0   
 0          0[] 
 []


Overfull \hbox (70.07735pt too wide) in paragraph at lines 773--773
[]\OT1/cmtt/m/n/12 cobveg                     0            0        0      0   
 0          0[] 
 []


Overfull \hbox (70.07735pt too wide) in paragraph at lines 773--773
[]\OT1/cmtt/m/n/12 expcosteira                0            0        0      0   
 0          0[] 
 []


Overfull \hbox (70.07735pt too wide) in paragraph at lines 773--773
[]\OT1/cmtt/m/n/12 ivc                        0            0        0      0   
 0          0[] 
 []


Overfull \hbox (70.07735pt too wide) in paragraph at lines 773--773
[]\OT1/cmtt/m/n/12 ExpAnosEstud               0            0        0      0   
 0          0[] 
 []


Overfull \hbox (70.07735pt too wide) in paragraph at lines 773--773
[]\OT1/cmtt/m/n/12 urb                        0            0        0      0   
 0          0[] 
 []


Overfull \hbox (70.07735pt too wide) in paragraph at lines 773--773
[]\OT1/cmtt/m/n/12 maior65                    0            0        0      0   
 0          0[] 
 []


Overfull \hbox (70.07735pt too wide) in paragraph at lines 773--773
[]\OT1/cmtt/m/n/12 adultos                    0            0        0      0   
 0          0[] 
 []


Overfull \hbox (70.07735pt too wide) in paragraph at lines 773--773
[]\OT1/cmtt/m/n/12 dens                       0            0        0      0   
 0          0[] 
 []


Overfull \hbox (70.07735pt too wide) in paragraph at lines 773--773
[]\OT1/cmtt/m/n/12 offset(log(pop))           0            0        0      0   
 0          0[] 
 []


Overfull \hbox (94.77736pt too wide) in paragraph at lines 773--773
[]                 \OT1/cmtt/m/n/12 ifdm_emprend cobveg expcosteira ivc ExpAnos
Estud urb maior65[] 
 []


Overfull \hbox (94.77736pt too wide) in paragraph at lines 773--773
[]\OT1/cmtt/m/n/12 dengue                      0      0           0   0        
    0   0       0[] 
 []


Overfull \hbox (94.77736pt too wide) in paragraph at lines 773--773
[]\OT1/cmtt/m/n/12 CobCondSaud                 0      0           0   0        
    0   0       0[] 
 []


Overfull \hbox (94.77736pt too wide) in paragraph at lines 773--773
[]\OT1/cmtt/m/n/12 CobAtencBsca                0      0           0   0        
    0   0       0[] 
 []


Overfull \hbox (94.77736pt too wide) in paragraph at lines 773--773
[]\OT1/cmtt/m/n/12 temp_p90                    0      0           0   0        
    0   0       0[] 
 []


Overfull \hbox (94.77736pt too wide) in paragraph at lines 773--773
[]\OT1/cmtt/m/n/12 precip                      0      0           0   0        
    0   0       0[] 
 []


Overfull \hbox (94.77736pt too wide) in paragraph at lines 773--773
[]\OT1/cmtt/m/n/12 umid                        0      0           0   0        
    0   0       0[] 
 []


Overfull \hbox (94.77736pt too wide) in paragraph at lines 773--773
[]\OT1/cmtt/m/n/12 ifdm_saude                  0      0           0   0        
    0   0       0[] 
 []


Overfull \hbox (94.77736pt too wide) in paragraph at lines 773--773
[]\OT1/cmtt/m/n/12 ifdm_emprend                1      0           0   0        
    0   0       0[] 
 []


Overfull \hbox (94.77736pt too wide) in paragraph at lines 773--773
[]\OT1/cmtt/m/n/12 cobveg                      0      1           0   0        
    0   0       0[] 
 []


Overfull \hbox (94.77736pt too wide) in paragraph at lines 773--773
[]\OT1/cmtt/m/n/12 expcosteira                 0      0           1   0        
    0   0       0[] 
 []


Overfull \hbox (94.77736pt too wide) in paragraph at lines 773--773
[]\OT1/cmtt/m/n/12 ivc                         0      0           0   1        
    0   0       0[] 
 []


Overfull \hbox (94.77736pt too wide) in paragraph at lines 773--773
[]\OT1/cmtt/m/n/12 ExpAnosEstud                0      0           0   0        
    1   0       0[] 
 []


Overfull \hbox (94.77736pt too wide) in paragraph at lines 773--773
[]\OT1/cmtt/m/n/12 urb                         0      0           0   0        
    0   1       0[] 
 []


Overfull \hbox (94.77736pt too wide) in paragraph at lines 773--773
[]\OT1/cmtt/m/n/12 maior65                     0      0           0   0        
    0   0       1[] 
 []


Overfull \hbox (94.77736pt too wide) in paragraph at lines 773--773
[]\OT1/cmtt/m/n/12 adultos                     0      0           0   0        
    0   0       0[] 
 []


Overfull \hbox (94.77736pt too wide) in paragraph at lines 773--773
[]\OT1/cmtt/m/n/12 dens                        0      0           0   0        
    0   0       0[] 
 []


Overfull \hbox (94.77736pt too wide) in paragraph at lines 773--773
[]\OT1/cmtt/m/n/12 offset(log(pop))            0      0           0   0        
    0   0       0[] 
 []


Overfull \hbox (57.72734pt too wide) in paragraph at lines 773--773
[] \OT1/cmtt/m/n/12 [1] "CobCondSaud"  "CobAtencBsca" "temp_p90"     "precip"  
     "umid"[] 
 []


Overfull \hbox (51.55234pt too wide) in paragraph at lines 773--773
[] \OT1/cmtt/m/n/12 [6] "ifdm_saude"   "ifdm_emprend" "cobveg"       "expcostei
ra"  "ivc"[] 
 []


Overfull \hbox (57.72734pt too wide) in paragraph at lines 773--773
[]\OT1/cmtt/m/n/12 [11] "ExpAnosEstud" "urb"          "maior65"      "adultos" 
     "dens"[] 
 []


Overfull \hbox (8.32732pt too wide) in paragraph at lines 773--773
[]\OT1/cmtt/m/n/12 list(dengue, CobCondSaud, CobAtencBsca, temp_p90, precip, um
id,[] 
 []


Overfull \hbox (45.37733pt too wide) in paragraph at lines 773--773
[]    \OT1/cmtt/m/n/12 ifdm_saude, ifdm_emprend, cobveg, expcosteira, ivc, ExpA
nosEstud,[] 
 []


Overfull \hbox (33.02733pt too wide) in paragraph at lines 773--773
[]          \OT1/cmtt/m/n/12 dengue      CobCondSaud     CobAtencBsca         t
emp_p90[] 
 []


Overfull \hbox (33.02733pt too wide) in paragraph at lines 773--773
[]       \OT1/cmtt/m/n/12 "numeric"        "numeric"        "numeric"        "n
umeric"[] 
 []


Overfull \hbox (33.02733pt too wide) in paragraph at lines 773--773
[]          \OT1/cmtt/m/n/12 precip             umid       ifdm_saude     ifdm_
emprend[] 
 []


Overfull \hbox (33.02733pt too wide) in paragraph at lines 773--773
[]       \OT1/cmtt/m/n/12 "numeric"        "numeric"        "numeric"        "n
umeric"[] 
 []


Overfull \hbox (33.02733pt too wide) in paragraph at lines 773--773
[]          \OT1/cmtt/m/n/12 cobveg      expcosteira              ivc     ExpAn
osEstud[] 
 []


Overfull \hbox (33.02733pt too wide) in paragraph at lines 773--773
[]       \OT1/cmtt/m/n/12 "numeric"        "numeric"        "numeric"        "n
umeric"[] 
 []


Overfull \hbox (33.02733pt too wide) in paragraph at lines 773--773
[]             \OT1/cmtt/m/n/12 urb          maior65          adultos          
   dens[] 
 []


Overfull \hbox (33.02733pt too wide) in paragraph at lines 773--773
[]       \OT1/cmtt/m/n/12 "numeric"        "numeric"        "numeric"        "n
umeric"[] 
 []

[17 <./figure/unnamed-chunk-10-1.pdf>]
Underfull \vbox (badness 10000) detected at line 774
 []


Underfull \vbox (badness 10000) detected at line 774
 []

[18]
Underfull \vbox (badness 10000) detected at line 774
 []


Underfull \vbox (badness 10000) detected at line 774
 []

[19] [20]

Package xcolor Warning: Incompatible color definition on input line 782.

<figure/unnamed-chunk-12-1.pdf, id=227, 505.89pt x 505.89pt>
File: figure/unnamed-chunk-12-1.pdf Graphic file (type pdf)
<use figure/unnamed-chunk-12-1.pdf>
Package pdftex.def Info: figure/unnamed-chunk-12-1.pdf  used on input line 787.

(pdftex.def)             Requested size: 380.69788pt x 380.70567pt.

Overfull \hbox (17.62482pt too wide) in paragraph at lines 787--788
[][] 
 []

[21 <./figure/unnamed-chunk-12-1.pdf>]

Package xcolor Warning: Incompatible color definition on input line 810.


Overfull \hbox (45.37733pt too wide) in paragraph at lines 950--950
[]\OT1/cmtt/m/n/12 glm.nb(formula = dengue ~ CobAtencBsca + temp_p10 + temp + t
emp_p90 +[] 
 []


Overfull \hbox (20.67732pt too wide) in paragraph at lines 950--950
[]    \OT1/cmtt/m/n/12 umid_p10 + umid + alt + ifdm_edu + ifdm_emprend + ivc + 
urb +[] 
 []


Overfull \hbox (138.00238pt too wide) in paragraph at lines 950--950
[]    \OT1/cmtt/m/n/12 menor15 + maior65 + pop + area, data = dados, control = 
glm.control(maxit = 50),[] 
 []


Overfull \hbox (2.15231pt too wide) in paragraph at lines 950--950
[]\OT1/cmtt/m/n/12 Signif. codes:  0 '***' 0.001 '**' 0.01 '*' 0.05 '.' 0.1 ' '
 1[] 
 []


Overfull \hbox (70.07735pt too wide) in paragraph at lines 950--950
[]\OT1/cmtt/m/n/12 (Dispersion parameter for Negative Binomial(0.6787) family t
aken to be 1)[] 
 []


Overfull \hbox (14.50232pt too wide) in paragraph at lines 950--950
[]\OT1/cmtt/m/n/12 dengue ~ CobCondSaud + CobAtencBsca + temp_p90 + precip + um
id +[] 
 []


Overfull \hbox (39.20233pt too wide) in paragraph at lines 950--950
[]    \OT1/cmtt/m/n/12 ExpAnosEstud + urb + maior65 + adultos + dens + offset(l
og(pop))[] 
 []


Overfull \hbox (8.32732pt too wide) in paragraph at lines 950--950
[]\OT1/cmtt/m/n/12 list(dengue, CobCondSaud, CobAtencBsca, temp_p90, precip, um
id,[] 
 []


Overfull \hbox (45.37733pt too wide) in paragraph at lines 950--950
[]    \OT1/cmtt/m/n/12 ifdm_saude, ifdm_emprend, cobveg, expcosteira, ivc, ExpA
nosEstud,[] 
 []


Overfull \hbox (70.07735pt too wide) in paragraph at lines 950--950
[]                 \OT1/cmtt/m/n/12 CobCondSaud CobAtencBsca temp_p90 precip um
id ifdm_saude[] 
 []


Overfull \hbox (70.07735pt too wide) in paragraph at lines 950--950
[]\OT1/cmtt/m/n/12 dengue                     0            0        0      0   
 0          0[] 
 []


Overfull \hbox (70.07735pt too wide) in paragraph at lines 950--950
[]\OT1/cmtt/m/n/12 CobCondSaud                1            0        0      0   
 0          0[] 
 []


Overfull \hbox (70.07735pt too wide) in paragraph at lines 950--950
[]\OT1/cmtt/m/n/12 CobAtencBsca               0            1        0      0   
 0          0[] 
 []


Overfull \hbox (70.07735pt too wide) in paragraph at lines 950--950
[]\OT1/cmtt/m/n/12 temp_p90                   0            0        1      0   
 0          0[] 
 []


Overfull \hbox (70.07735pt too wide) in paragraph at lines 950--950
[]\OT1/cmtt/m/n/12 precip                     0            0        0      1   
 0          0[] 
 []


Overfull \hbox (70.07735pt too wide) in paragraph at lines 950--950
[]\OT1/cmtt/m/n/12 umid                       0            0        0      0   
 1          0[] 
 []


Overfull \hbox (70.07735pt too wide) in paragraph at lines 950--950
[]\OT1/cmtt/m/n/12 ifdm_saude                 0            0        0      0   
 0          1[] 
 []


Overfull \hbox (70.07735pt too wide) in paragraph at lines 950--950
[]\OT1/cmtt/m/n/12 ifdm_emprend               0            0        0      0   
 0          0[] 
 []


Overfull \hbox (70.07735pt too wide) in paragraph at lines 950--950
[]\OT1/cmtt/m/n/12 cobveg                     0            0        0      0   
 0          0[] 
 []


Overfull \hbox (70.07735pt too wide) in paragraph at lines 950--950
[]\OT1/cmtt/m/n/12 expcosteira                0            0        0      0   
 0          0[] 
 []


Overfull \hbox (70.07735pt too wide) in paragraph at lines 950--950
[]\OT1/cmtt/m/n/12 ivc                        0            0        0      0   
 0          0[] 
 []


Overfull \hbox (70.07735pt too wide) in paragraph at lines 950--950
[]\OT1/cmtt/m/n/12 ExpAnosEstud               0            0        0      0   
 0          0[] 
 []


Overfull \hbox (70.07735pt too wide) in paragraph at lines 950--950
[]\OT1/cmtt/m/n/12 urb                        0            0        0      0   
 0          0[] 
 []


Overfull \hbox (70.07735pt too wide) in paragraph at lines 950--950
[]\OT1/cmtt/m/n/12 maior65                    0            0        0      0   
 0          0[] 
 []


Overfull \hbox (70.07735pt too wide) in paragraph at lines 950--950
[]\OT1/cmtt/m/n/12 adultos                    0            0        0      0   
 0          0[] 
 []


Overfull \hbox (70.07735pt too wide) in paragraph at lines 950--950
[]\OT1/cmtt/m/n/12 dens                       0            0        0      0   
 0          0[] 
 []


Overfull \hbox (70.07735pt too wide) in paragraph at lines 950--950
[]\OT1/cmtt/m/n/12 offset(log(pop))           0            0        0      0   
 0          0[] 
 []


Overfull \hbox (94.77736pt too wide) in paragraph at lines 950--950
[]                 \OT1/cmtt/m/n/12 ifdm_emprend cobveg expcosteira ivc ExpAnos
Estud urb maior65[] 
 []


Overfull \hbox (94.77736pt too wide) in paragraph at lines 950--950
[]\OT1/cmtt/m/n/12 dengue                      0      0           0   0        
    0   0       0[] 
 []


Overfull \hbox (94.77736pt too wide) in paragraph at lines 950--950
[]\OT1/cmtt/m/n/12 CobCondSaud                 0      0           0   0        
    0   0       0[] 
 []


Overfull \hbox (94.77736pt too wide) in paragraph at lines 950--950
[]\OT1/cmtt/m/n/12 CobAtencBsca                0      0           0   0        
    0   0       0[] 
 []


Overfull \hbox (94.77736pt too wide) in paragraph at lines 950--950
[]\OT1/cmtt/m/n/12 temp_p90                    0      0           0   0        
    0   0       0[] 
 []


Overfull \hbox (94.77736pt too wide) in paragraph at lines 950--950
[]\OT1/cmtt/m/n/12 precip                      0      0           0   0        
    0   0       0[] 
 []


Overfull \hbox (94.77736pt too wide) in paragraph at lines 950--950
[]\OT1/cmtt/m/n/12 umid                        0      0           0   0        
    0   0       0[] 
 []


Overfull \hbox (94.77736pt too wide) in paragraph at lines 950--950
[]\OT1/cmtt/m/n/12 ifdm_saude                  0      0           0   0        
    0   0       0[] 
 []


Overfull \hbox (94.77736pt too wide) in paragraph at lines 950--950
[]\OT1/cmtt/m/n/12 ifdm_emprend                1      0           0   0        
    0   0       0[] 
 []


Overfull \hbox (94.77736pt too wide) in paragraph at lines 950--950
[]\OT1/cmtt/m/n/12 cobveg                      0      1           0   0        
    0   0       0[] 
 []


Overfull \hbox (94.77736pt too wide) in paragraph at lines 950--950
[]\OT1/cmtt/m/n/12 expcosteira                 0      0           1   0        
    0   0       0[] 
 []


Overfull \hbox (94.77736pt too wide) in paragraph at lines 950--950
[]\OT1/cmtt/m/n/12 ivc                         0      0           0   1        
    0   0       0[] 
 []


Overfull \hbox (94.77736pt too wide) in paragraph at lines 950--950
[]\OT1/cmtt/m/n/12 ExpAnosEstud                0      0           0   0        
    1   0       0[] 
 []


Overfull \hbox (94.77736pt too wide) in paragraph at lines 950--950
[]\OT1/cmtt/m/n/12 urb                         0      0           0   0        
    0   1       0[] 
 []


Overfull \hbox (94.77736pt too wide) in paragraph at lines 950--950
[]\OT1/cmtt/m/n/12 maior65                     0      0           0   0        
    0   0       1[] 
 []


Overfull \hbox (94.77736pt too wide) in paragraph at lines 950--950
[]\OT1/cmtt/m/n/12 adultos                     0      0           0   0        
    0   0       0[] 
 []


Overfull \hbox (94.77736pt too wide) in paragraph at lines 950--950
[]\OT1/cmtt/m/n/12 dens                        0      0           0   0        
    0   0       0[] 
 []


Overfull \hbox (94.77736pt too wide) in paragraph at lines 950--950
[]\OT1/cmtt/m/n/12 offset(log(pop))            0      0           0   0        
    0   0       0[] 
 []


Overfull \hbox (57.72734pt too wide) in paragraph at lines 950--950
[] \OT1/cmtt/m/n/12 [1] "CobCondSaud"  "CobAtencBsca" "temp_p90"     "precip"  
     "umid"[] 
 []


Overfull \hbox (51.55234pt too wide) in paragraph at lines 950--950
[] \OT1/cmtt/m/n/12 [6] "ifdm_saude"   "ifdm_emprend" "cobveg"       "expcostei
ra"  "ivc"[] 
 []


Overfull \hbox (57.72734pt too wide) in paragraph at lines 950--950
[]\OT1/cmtt/m/n/12 [11] "ExpAnosEstud" "urb"          "maior65"      "adultos" 
     "dens"[] 
 []


Overfull \hbox (8.32732pt too wide) in paragraph at lines 950--950
[]\OT1/cmtt/m/n/12 list(dengue, CobCondSaud, CobAtencBsca, temp_p90, precip, um
id,[] 
 []


Overfull \hbox (45.37733pt too wide) in paragraph at lines 950--950
[]    \OT1/cmtt/m/n/12 ifdm_saude, ifdm_emprend, cobveg, expcosteira, ivc, ExpA
nosEstud,[] 
 []


Overfull \hbox (33.02733pt too wide) in paragraph at lines 950--950
[]          \OT1/cmtt/m/n/12 dengue      CobCondSaud     CobAtencBsca         t
emp_p90[] 
 []


Overfull \hbox (33.02733pt too wide) in paragraph at lines 950--950
[]       \OT1/cmtt/m/n/12 "numeric"        "numeric"        "numeric"        "n
umeric"[] 
 []


Overfull \hbox (33.02733pt too wide) in paragraph at lines 950--950
[]          \OT1/cmtt/m/n/12 precip             umid       ifdm_saude     ifdm_
emprend[] 
 []


Overfull \hbox (33.02733pt too wide) in paragraph at lines 950--950
[]       \OT1/cmtt/m/n/12 "numeric"        "numeric"        "numeric"        "n
umeric"[] 
 []


Overfull \hbox (33.02733pt too wide) in paragraph at lines 950--950
[]          \OT1/cmtt/m/n/12 cobveg      expcosteira              ivc     ExpAn
osEstud[] 
 []


Overfull \hbox (33.02733pt too wide) in paragraph at lines 950--950
[]       \OT1/cmtt/m/n/12 "numeric"        "numeric"        "numeric"        "n
umeric"[] 
 []


Overfull \hbox (33.02733pt too wide) in paragraph at lines 950--950
[]             \OT1/cmtt/m/n/12 urb          maior65          adultos          
   dens[] 
 []


Overfull \hbox (33.02733pt too wide) in paragraph at lines 950--950
[]       \OT1/cmtt/m/n/12 "numeric"        "numeric"        "numeric"        "n
umeric"[] 
 []

[22]
Underfull \vbox (badness 10000) detected at line 951
 []


Underfull \vbox (badness 10000) detected at line 951
 []

[23]
Underfull \vbox (badness 10000) detected at line 951
 []


Underfull \vbox (badness 10000) detected at line 951
 []

[24] [25]

Package xcolor Warning: Incompatible color definition on input line 977.


Overfull \hbox (14.50232pt too wide) in paragraph at lines 1017--1017
[]\OT1/cmtt/m/n/12 glm.nb(formula = dengue ~ CobAtencBsca + temp_p90 + ifdm_sau
de +[] 
 []


Overfull \hbox (33.02733pt too wide) in paragraph at lines 1017--1017
[]    \OT1/cmtt/m/n/12 ifdm_emprend + cobveg + urb + maior65 + pop, data = dado
s_2013,[] 
 []


Overfull \hbox (20.67732pt too wide) in paragraph at lines 1017--1017
[]    \OT1/cmtt/m/n/12 control = glm.control(maxit = 50), init.theta = 0.954904
2419,[] 
 []


Overfull \hbox (2.15231pt too wide) in paragraph at lines 1017--1017
[]\OT1/cmtt/m/n/12 Signif. codes:  0 '***' 0.001 '**' 0.01 '*' 0.05 '.' 0.1 ' '
 1[] 
 []


Overfull \hbox (70.07735pt too wide) in paragraph at lines 1017--1017
[]\OT1/cmtt/m/n/12 (Dispersion parameter for Negative Binomial(0.9549) family t
aken to be 1)[] 
 []

[26]

Package xcolor Warning: Incompatible color definition on input line 1022.

<figure/unnamed-chunk-16-1.pdf, id=258, 505.89pt x 505.89pt>
File: figure/unnamed-chunk-16-1.pdf Graphic file (type pdf)
<use figure/unnamed-chunk-16-1.pdf>
Package pdftex.def Info: figure/unnamed-chunk-16-1.pdf  used on input line 1027
.
(pdftex.def)             Requested size: 380.69788pt x 380.70567pt.

Overfull \hbox (17.62482pt too wide) in paragraph at lines 1027--1028
[][] 
 []

[27]

Package xcolor Warning: Incompatible color definition on input line 1035.


Overfull \hbox (39.20233pt too wide) in paragraph at lines 1072--1072
[]\OT1/cmtt/m/n/12 glm.nb(formula = dengue ~ temp_p90 + umid + cobveg + urb + m
aior65 +[] 
 []


Overfull \hbox (144.17738pt too wide) in paragraph at lines 1072--1072
[]    \OT1/cmtt/m/n/12 adultos + offset(log(pop)), data = dados_2013, control =
 glm.control(maxit = 50),[] 
 []


Overfull \hbox (2.15231pt too wide) in paragraph at lines 1072--1072
[]\OT1/cmtt/m/n/12 Signif. codes:  0 '***' 0.001 '**' 0.01 '*' 0.05 '.' 0.1 ' '
 1[] 
 []


Overfull \hbox (70.07735pt too wide) in paragraph at lines 1072--1072
[]\OT1/cmtt/m/n/12 (Dispersion parameter for Negative Binomial(1.1088) family t
aken to be 1)[] 
 []

[28 <./figure/unnamed-chunk-16-1.pdf>]

Package xcolor Warning: Incompatible color definition on input line 1077.

<figure/unnamed-chunk-18-1.pdf, id=272, 505.89pt x 505.89pt>
File: figure/unnamed-chunk-18-1.pdf Graphic file (type pdf)
<use figure/unnamed-chunk-18-1.pdf>
Package pdftex.def Info: figure/unnamed-chunk-18-1.pdf  used on input line 1082
.
(pdftex.def)             Requested size: 380.69788pt x 380.70567pt.

Overfull \hbox (17.62482pt too wide) in paragraph at lines 1082--1083
[][] 
 []

[29]

Package xcolor Warning: Incompatible color definition on input line 1095.


Overfull \hbox (39.20233pt too wide) in paragraph at lines 1134--1134
[]    \OT1/cmtt/m/n/12 urb + maior65 + adultos + offset(log(pop)), data = dados
_2013_1,[] 
 []


Overfull \hbox (14.50232pt too wide) in paragraph at lines 1134--1134
[]    \OT1/cmtt/m/n/12 control = glm.control(maxit = 50), init.theta = 1.198029
355,[] 
 []


Overfull \hbox (2.15231pt too wide) in paragraph at lines 1134--1134
[]\OT1/cmtt/m/n/12 Signif. codes:  0 '***' 0.001 '**' 0.01 '*' 0.05 '.' 0.1 ' '
 1[] 
 []


Overfull \hbox (63.90234pt too wide) in paragraph at lines 1134--1134
[]\OT1/cmtt/m/n/12 (Dispersion parameter for Negative Binomial(1.198) family ta
ken to be 1)[] 
 []

[30 <./figure/unnamed-chunk-18-1.pdf>]
<figure/unnamed-chunk-21-1.pdf, id=288, 505.89pt x 505.89pt>
File: figure/unnamed-chunk-21-1.pdf Graphic file (type pdf)
<use figure/unnamed-chunk-21-1.pdf>
Package pdftex.def Info: figure/unnamed-chunk-21-1.pdf  used on input line 1136
.
(pdftex.def)             Requested size: 380.69788pt x 380.70567pt.

Overfull \hbox (17.62482pt too wide) in paragraph at lines 1136--1137
[][] 
 []

[31]

Package xcolor Warning: Incompatible color definition on input line 1146.


Overfull \hbox (39.20233pt too wide) in paragraph at lines 1185--1185
[]    \OT1/cmtt/m/n/12 urb + maior65 + adultos + offset(log(pop)), data = dados
_2013_1,[] 
 []


Overfull \hbox (14.50232pt too wide) in paragraph at lines 1185--1185
[]    \OT1/cmtt/m/n/12 control = glm.control(maxit = 50), init.theta = 1.253312
012,[] 
 []


Overfull \hbox (2.15231pt too wide) in paragraph at lines 1185--1185
[]\OT1/cmtt/m/n/12 Signif. codes:  0 '***' 0.001 '**' 0.01 '*' 0.05 '.' 0.1 ' '
 1[] 
 []


Overfull \hbox (70.07735pt too wide) in paragraph at lines 1185--1185
[]\OT1/cmtt/m/n/12 (Dispersion parameter for Negative Binomial(1.2533) family t
aken to be 1)[] 
 []

[32 <./figure/unnamed-chunk-21-1.pdf>]
<figure/unnamed-chunk-24-1.pdf, id=302, 505.89pt x 505.89pt>
File: figure/unnamed-chunk-24-1.pdf Graphic file (type pdf)
<use figure/unnamed-chunk-24-1.pdf>
Package pdftex.def Info: figure/unnamed-chunk-24-1.pdf  used on input line 1187
.
(pdftex.def)             Requested size: 380.69788pt x 380.70567pt.

Overfull \hbox (17.62482pt too wide) in paragraph at lines 1187--1188
[][] 
 []

[33]

Package xcolor Warning: Incompatible color definition on input line 1197.


Overfull \hbox (33.02733pt too wide) in paragraph at lines 1233--1233
[]\OT1/cmtt/m/n/12 glm.nb(formula = dengue ~ temp_p90 + ifdm_emprend + urb + ma
ior65 +[] 
 []


Overfull \hbox (94.77736pt too wide) in paragraph at lines 1233--1233
[]    \OT1/cmtt/m/n/12 offset(log(pop)), data = dados_2013_1, control = glm.con
trol(maxit = 50),[] 
 []


Overfull \hbox (2.15231pt too wide) in paragraph at lines 1233--1233
[]\OT1/cmtt/m/n/12 Signif. codes:  0 '***' 0.001 '**' 0.01 '*' 0.05 '.' 0.1 ' '
 1[] 
 []


Overfull \hbox (70.07735pt too wide) in paragraph at lines 1233--1233
[]\OT1/cmtt/m/n/12 (Dispersion parameter for Negative Binomial(1.3258) family t
aken to be 1)[] 
 []

[34 <./figure/unnamed-chunk-24-1.pdf>]
<figure/unnamed-chunk-27-1.pdf, id=316, 505.89pt x 505.89pt>
File: figure/unnamed-chunk-27-1.pdf Graphic file (type pdf)
<use figure/unnamed-chunk-27-1.pdf>
Package pdftex.def Info: figure/unnamed-chunk-27-1.pdf  used on input line 1235
.
(pdftex.def)             Requested size: 380.69788pt x 380.70567pt.

Overfull \hbox (17.62482pt too wide) in paragraph at lines 1235--1236
[][] 
 []

[35]

Package xcolor Warning: Incompatible color definition on input line 1246.


Overfull \hbox (33.02733pt too wide) in paragraph at lines 1282--1282
[]\OT1/cmtt/m/n/12 glm.nb(formula = dengue ~ temp_p90 + ifdm_emprend + urb + ma
ior65 +[] 
 []


Overfull \hbox (94.77736pt too wide) in paragraph at lines 1282--1282
[]    \OT1/cmtt/m/n/12 offset(log(pop)), data = dados_2013_1, control = glm.con
trol(maxit = 50),[] 
 []


Overfull \hbox (2.15231pt too wide) in paragraph at lines 1282--1282
[]\OT1/cmtt/m/n/12 Signif. codes:  0 '***' 0.001 '**' 0.01 '*' 0.05 '.' 0.1 ' '
 1[] 
 []


Overfull \hbox (70.07735pt too wide) in paragraph at lines 1282--1282
[]\OT1/cmtt/m/n/12 (Dispersion parameter for Negative Binomial(1.3929) family t
aken to be 1)[] 
 []

[36 <./figure/unnamed-chunk-27-1.pdf>]
<figure/unnamed-chunk-30-1.pdf, id=331, 505.89pt x 505.89pt>
File: figure/unnamed-chunk-30-1.pdf Graphic file (type pdf)
<use figure/unnamed-chunk-30-1.pdf>
Package pdftex.def Info: figure/unnamed-chunk-30-1.pdf  used on input line 1284
.
(pdftex.def)             Requested size: 380.69788pt x 380.70567pt.

Overfull \hbox (17.62482pt too wide) in paragraph at lines 1284--1285
[][] 
 []

[37]

Package xcolor Warning: Incompatible color definition on input line 1296.


Overfull \hbox (39.20233pt too wide) in paragraph at lines 1333--1333
[]\OT1/cmtt/m/n/12 glm.nb(formula = dengue ~ temp_p90 + umid + cobveg + urb + m
aior65 +[] 
 []


Overfull \hbox (144.17738pt too wide) in paragraph at lines 1333--1333
[]    \OT1/cmtt/m/n/12 adultos + offset(log(pop)), data = dados_2013, control =
 glm.control(maxit = 50),[] 
 []


Overfull \hbox (2.15231pt too wide) in paragraph at lines 1333--1333
[]\OT1/cmtt/m/n/12 Signif. codes:  0 '***' 0.001 '**' 0.01 '*' 0.05 '.' 0.1 ' '
 1[] 
 []


Overfull \hbox (70.07735pt too wide) in paragraph at lines 1333--1333
[]\OT1/cmtt/m/n/12 (Dispersion parameter for Negative Binomial(1.1088) family t
aken to be 1)[] 
 []

[38 <./figure/unnamed-chunk-30-1.pdf>]

Package xcolor Warning: Incompatible color definition on input line 1338.

<figure/unnamed-chunk-33-1.pdf, id=345, 505.89pt x 505.89pt>
File: figure/unnamed-chunk-33-1.pdf Graphic file (type pdf)
<use figure/unnamed-chunk-33-1.pdf>
Package pdftex.def Info: figure/unnamed-chunk-33-1.pdf  used on input line 1343
.
(pdftex.def)             Requested size: 380.69788pt x 380.70567pt.

Overfull \hbox (17.62482pt too wide) in paragraph at lines 1343--1344
[][] 
 []

[39] [40 <./figure/unnamed-chunk-33-1.pdf>]
Overfull \hbox (5.64919pt too wide) in paragraph at lines 1365--1366
\OT1/cmr/m/n/12 Moral RA, Hinde J, Dem^^Setrio CGB ($2017$). \Half-Normal Plots
 and Overdis-
 []

[41] (./Analise-sweeve.aux)

LaTeX Warning: There were multiply-defined labels.

Package rerunfilecheck Info: File `Analise-sweeve.out' has not changed.
(rerunfilecheck)             Checksum: 9E7155889CAF0111CCDD23A4C8B52101;3319.
 ) 
Here is how much of TeX's memory you used:
 10088 strings out of 480954
 148241 string characters out of 5905840
 490430 words of memory out of 5000000
 27077 multiletter control sequences out of 15000+600000
 413620 words of font info for 64 fonts, out of 8000000 for 9000
 14 hyphenation exceptions out of 8191
 71i,14n,74p,680b,386s stack positions out of 5000i,500n,10000p,200000b,80000s
 <c:/Users/xumim/AppData/Roaming/TinyTeX/texmf-var/fonts/pk/ljfour/jknappen/e
c/tcrm1200.600pk><c:/Users/xumim/AppData/Roaming/TinyTeX/texmf-dist/fonts/type1
/public/amsfonts/cm/cmbx12.pfb><c:/Users/xumim/AppData/Roaming/TinyTeX/texmf-di
st/fonts/type1/public/amsfonts/cm/cmmi12.pfb><c:/Users/xumim/AppData/Roaming/Ti
nyTeX/texmf-dist/fonts/type1/public/amsfonts/cm/cmmi8.pfb><c:/Users/xumim/AppDa
ta/Roaming/TinyTeX/texmf-dist/fonts/type1/public/amsfonts/cm/cmr12.pfb><c:/User
s/xumim/AppData/Roaming/TinyTeX/texmf-dist/fonts/type1/public/amsfonts/cm/cmr17
.pfb><c:/Users/xumim/AppData/Roaming/TinyTeX/texmf-dist/fonts/type1/public/amsf
onts/cm/cmr8.pfb><c:/Users/xumim/AppData/Roaming/TinyTeX/texmf-dist/fonts/type1
/public/amsfonts/cm/cmsy10.pfb><c:/Users/xumim/AppData/Roaming/TinyTeX/texmf-di
st/fonts/type1/public/amsfonts/cm/cmti12.pfb><c:/Users/xumim/AppData/Roaming/Ti
nyTeX/texmf-dist/fonts/type1/public/amsfonts/cm/cmtt12.pfb>
Output written on Analise-sweeve.pdf (42 pages, 489053 bytes).
PDF statistics:
 417 PDF objects out of 1000 (max. 8388607)
 331 compressed objects within 4 object streams
 64 named destinations out of 1000 (max. 500000)
 202 words of extra memory for PDF output out of 10000 (max. 10000000)

